app/build/intermediates/manifest_merge_blame_file/debug/manifest-merger-blame-debug-report.txt
1<?xml version="1.0" encoding="utf-8"?>
2<manifest xmlns:android="http://schemas.android.com/apk/res/android"
3    package="com.dzo.prospectWizard"
4    android:installLocation="auto"
5    android:versionCode="13"
6    android:versionName="1.1.3" >
7
8    <uses-sdk
9        android:minSdkVersion="15"
9-->src\main\AndroidManifest.xml
10        android:targetSdkVersion="28" />
10-->src\main\AndroidManifest.xml
11
12    <uses-permission android:name="android.permission.READ_CALENDAR" />
12-->src\main\AndroidManifest.xml:7:5-72
12-->src\main\AndroidManifest.xml:7:22-69
13    <uses-permission android:name="android.permission.WRITE_CALENDAR" />
13-->src\main\AndroidManifest.xml:8:5-73
13-->src\main\AndroidManifest.xml:8:22-70
14    <uses-permission android:name="android.permission.WRITE_EXTERNAL_STORAGE" />
14-->src\main\AndroidManifest.xml:9:5-81
14-->src\main\AndroidManifest.xml:9:22-78
15    <uses-permission android:name="android.permission.INTERNET" />
15-->src\main\AndroidManifest.xml:10:5-67
15-->src\main\AndroidManifest.xml:10:22-64
16    <uses-permission android:name="android.permission.READ_CONTACTS" /> <!-- <uses-permission android:name="android.permission.READ_PHONE_STATE" /> -->
16-->src\main\AndroidManifest.xml:11:5-72
16-->src\main\AndroidManifest.xml:11:22-69
17    <uses-permission android:name="android.permission.WRITE_EXTERNAL_STORAGE" />
17-->src\main\AndroidManifest.xml:9:5-81
17-->src\main\AndroidManifest.xml:9:22-78
18    <uses-permission android:name="android.permission.WRITE_CONTACTS" />
18-->src\main\AndroidManifest.xml:13:5-73
18-->src\main\AndroidManifest.xml:13:22-70
19    <uses-permission android:name="android.permission.ACCESS_NETWORK_STATE" />
19-->src\main\AndroidManifest.xml:14:5-79
19-->src\main\AndroidManifest.xml:14:22-76
20    <!--
21<uses-permission android:name="android.permission.CALL_PHONE" />
22    <uses-permission android:name="android.permission.SEND_SMS" />
23    -->
24    <!--
25<uses-permission android:name="android.permission.WRITE_SMS" />
26    <uses-permission android:name="android.permission.READ_SMS" />
27    <uses-permission android:name="android.permission.GET_TASKS" />
28    -->
29    <uses-permission android:name="android.permission.CAMERA" />
29-->src\main\AndroidManifest.xml:24:5-65
29-->src\main\AndroidManifest.xml:24:22-62
30    <uses-permission android:name="android.permission.RECORD_AUDIO" /> <!-- <uses-permission android:name="android.permission.STORAGE" /> -->
30-->src\main\AndroidManifest.xml:25:5-71
30-->src\main\AndroidManifest.xml:25:22-68
31    <!--
32<uses-permission-sdk-23 android:name="android.permission-group.SEND_SMS" />
33    <uses-permission-sdk-23 android:name="android.permission-group.CONTACTS" />
34    <uses-permission-sdk-23 android:name="android.permission-group.PHONE" />
35    <uses-permission-sdk-23 android:name="android.permission-group.STORAGE" />
36    -->
37    <uses-permission android:name="android.permission.READ_EXTERNAL_STORAGE" />
37-->src\main\AndroidManifest.xml:32:5-80
37-->src\main\AndroidManifest.xml:32:22-77
38    <uses-permission android:name="android.permission.WAKE_LOCK" />
38-->[com.google.firebase:firebase-measurement-connector-impl:16.0.1] AndroidManifest.xml:24:5-68
38-->[com.google.firebase:firebase-measurement-connector-impl:16.0.1] AndroidManifest.xml:24:22-65
39    <uses-permission android:name="com.google.android.finsky.permission.BIND_GET_INSTALL_REFERRER_SERVICE" /> <!-- Required by older versions of Google Play services to create IID tokens -->
39-->[com.google.firebase:firebase-analytics:16.0.1] AndroidManifest.xml:26:5-110
39-->[com.google.firebase:firebase-analytics:16.0.1] AndroidManifest.xml:26:22-107
40    <uses-permission android:name="com.google.android.c2dm.permission.RECEIVE" />
40-->[com.google.firebase:firebase-iid:16.2.0] AndroidManifest.xml:26:5-82
40-->[com.google.firebase:firebase-iid:16.2.0] AndroidManifest.xml:26:22-79
41
42    <permission
42-->[com.google.firebase:firebase-iid:16.2.0] AndroidManifest.xml:28:5-30:47
43        android:name="com.dzo.prospectWizard.permission.C2D_MESSAGE"
43-->[com.google.firebase:firebase-iid:16.2.0] AndroidManifest.xml:29:9-63
44        android:protectionLevel="signature" />
44-->[com.google.firebase:firebase-iid:16.2.0] AndroidManifest.xml:30:9-44
45
46    <uses-permission android:name="com.dzo.prospectWizard.permission.C2D_MESSAGE" />
46-->[com.google.firebase:firebase-iid:16.2.0] AndroidManifest.xml:32:5-79
46-->[com.google.firebase:firebase-iid:16.2.0] AndroidManifest.xml:32:22-76
47
48    <application
48-->src\main\AndroidManifest.xml:34:5-141:19
49        android:name="android.support.multidex.MultiDexApplication"
50        android:allowBackup="true"
50-->src\main\AndroidManifest.xml:35:9-35
51        android:appComponentFactory="android.support.v4.app.CoreComponentFactory"
51-->[com.android.support:support-compat:28.0.0] AndroidManifest.xml:22:18-91
52        android:debuggable="true"
53        android:hardwareAccelerated="false"
53-->src\main\AndroidManifest.xml:36:9-44
54        android:icon="@drawable/appico3"
54-->src\main\AndroidManifest.xml:37:9-41
55        android:label="@string/app_name"
55-->src\main\AndroidManifest.xml:38:9-41
56        android:largeHeap="true"
56-->src\main\AndroidManifest.xml:39:9-33
57        android:supportsRtl="true"
57-->src\main\AndroidManifest.xml:40:9-35
58        android:testOnly="true"
59        android:theme="@style/AppTheme" >
59-->src\main\AndroidManifest.xml:41:9-40
60
61<!--         android:theme="@style/Theme.Design.NoActionBar" -->
62        <activity android:name="com.dzo.prospectWizard.activity.BaseActivity" />
62-->src\main\AndroidManifest.xml:46:1-50
62-->src\main\AndroidManifest.xml:46:11-48
63        <activity
63-->src\main\AndroidManifest.xml:47:9-54:20
64            android:name="com.dzo.prospectWizard.activity.Tracker"
64-->src\main\AndroidManifest.xml:47:19-51
65            android:screenOrientation="portrait" >
65-->src\main\AndroidManifest.xml:48:13-49
66            <intent-filter>
66-->src\main\AndroidManifest.xml:50:13-53:29
67                <action android:name="android.intent.action.VIEW" />
67-->src\main\AndroidManifest.xml:51:17-68
67-->src\main\AndroidManifest.xml:51:25-66
68
69                <category android:name="android.intent.category.DEFAULT" />
69-->src\main\AndroidManifest.xml:52:17-75
69-->src\main\AndroidManifest.xml:52:27-73
70            </intent-filter>
71        </activity>
72        <activity
72-->src\main\AndroidManifest.xml:55:9-57:54
73            android:name="com.dzo.prospectWizard.CallAndSms"
73-->src\main\AndroidManifest.xml:56:13-39
74            android:theme="@style/Theme.AppCompat" />
74-->src\main\AndroidManifest.xml:57:13-51
75        <activity
75-->src\main\AndroidManifest.xml:58:9-68:20
76            android:name="com.dzo.prospectWizard.activity.SplashActivity"
76-->src\main\AndroidManifest.xml:59:13-52
77            android:label="@string/app_name"
77-->src\main\AndroidManifest.xml:60:13-45
78            android:screenOrientation="portrait"
78-->src\main\AndroidManifest.xml:61:13-49
79            android:theme="@android:style/Theme.NoTitleBar" >
79-->src\main\AndroidManifest.xml:62:13-60
80            <intent-filter>
80-->src\main\AndroidManifest.xml:63:13-67:29
81                <action android:name="android.intent.action.MAIN" />
81-->src\main\AndroidManifest.xml:64:17-69
81-->src\main\AndroidManifest.xml:64:25-66
82
83                <category android:name="android.intent.category.LAUNCHER" />
83-->src\main\AndroidManifest.xml:66:17-77
83-->src\main\AndroidManifest.xml:66:27-74
84            </intent-filter>
85        </activity>
86        <activity android:name="com.dzo.prospectWizard.ImageView.CustomGalleryActivity" >
86-->src\main\AndroidManifest.xml:69:9-76:20
86-->src\main\AndroidManifest.xml:69:19-66
87            <intent-filter>
87-->src\main\AndroidManifest.xml:70:13-75:29
88                <action android:name="dzo.ACTION_PICK" />
88-->src\main\AndroidManifest.xml:71:17-58
88-->src\main\AndroidManifest.xml:71:25-55
89                <action android:name="dzo.ACTION_MULTIPLE_PICK" />
89-->src\main\AndroidManifest.xml:72:17-67
89-->src\main\AndroidManifest.xml:72:25-64
90
91                <category android:name="android.intent.category.DEFAULT" />
91-->src\main\AndroidManifest.xml:52:17-75
91-->src\main\AndroidManifest.xml:52:27-73
92            </intent-filter>
93        </activity>
94        <activity
94-->src\main\AndroidManifest.xml:77:9-81:63
95            android:name="com.dzo.prospectWizard.activity.LoginActivity"
95-->src\main\AndroidManifest.xml:78:13-51
96            android:screenOrientation="portrait"
96-->src\main\AndroidManifest.xml:79:13-49
97            android:theme="@android:style/Theme.Holo.Light.NoActionBar.Fullscreen"
97-->src\main\AndroidManifest.xml:80:13-83
98            android:windowSoftInputMode="stateAlwaysHidden" />
98-->src\main\AndroidManifest.xml:81:13-60
99        <activity
99-->src\main\AndroidManifest.xml:82:9-84:52
100            android:name="activity.BaseActivity"
100-->src\main\AndroidManifest.xml:83:13-49
101            android:screenOrientation="portrait" />
101-->src\main\AndroidManifest.xml:84:13-49
102        <activity
102-->src\main\AndroidManifest.xml:85:9-87:52
103            android:name="com.dzo.prospectWizard.activity.ContactActivity"
103-->src\main\AndroidManifest.xml:86:13-53
104            android:screenOrientation="portrait" />
104-->src\main\AndroidManifest.xml:87:13-49
105        <activity
105-->src\main\AndroidManifest.xml:88:9-91:57
106            android:name="com.dzo.prospectWizard.activity.ContactsPickerActivity"
106-->src\main\AndroidManifest.xml:89:13-60
107            android:screenOrientation="portrait"
107-->src\main\AndroidManifest.xml:90:13-49
108            android:windowSoftInputMode="stateHidden" />
108-->src\main\AndroidManifest.xml:91:13-54
109        <activity
109-->src\main\AndroidManifest.xml:92:9-95:63
110            android:name="com.dzo.prospectWizard.ImageView.ManageLeadActivity"
110-->src\main\AndroidManifest.xml:93:13-57
111            android:screenOrientation="portrait"
111-->src\main\AndroidManifest.xml:94:13-49
112            android:windowSoftInputMode="stateAlwaysHidden" />
112-->src\main\AndroidManifest.xml:95:13-60
113        <activity
113-->src\main\AndroidManifest.xml:96:9-100:63
114            android:name="com.dzo.prospectWizard.activity.AddnewLead"
114-->src\main\AndroidManifest.xml:97:13-48
115            android:screenOrientation="portrait"
115-->src\main\AndroidManifest.xml:98:13-49
116            android:theme="@style/Theme.Design.NoActionBar"
116-->src\main\AndroidManifest.xml:99:13-60
117            android:windowSoftInputMode="stateAlwaysHidden" />
117-->src\main\AndroidManifest.xml:100:13-60
118        <activity
118-->src\main\AndroidManifest.xml:101:9-103:52
119            android:name="com.dzo.prospectWizard.activity.HomeActivity"
119-->src\main\AndroidManifest.xml:102:13-50
120            android:screenOrientation="portrait" />
120-->src\main\AndroidManifest.xml:103:13-49
121        <activity
121-->src\main\AndroidManifest.xml:104:9-106:52
122            android:name="com.dzo.prospectWizard.activity.ActivityMain"
122-->src\main\AndroidManifest.xml:105:13-50
123            android:screenOrientation="portrait" />
123-->src\main\AndroidManifest.xml:106:13-49
124
125        <service android:name="com.dzo.prospectWizard.activity.MyFirebaseInstanceIDService" >
125-->src\main\AndroidManifest.xml:108:9-112:19
125-->src\main\AndroidManifest.xml:108:18-70
126            <intent-filter>
126-->src\main\AndroidManifest.xml:109:13-111:29
127                <action android:name="com.google.firebase.INSTANCE_ID_EVENT" />
127-->src\main\AndroidManifest.xml:110:17-80
127-->src\main\AndroidManifest.xml:110:25-77
128            </intent-filter>
129        </service>
130        <service android:name="com.dzo.prospectWizard.activity.MyFirebaseMessagingService" >
130-->src\main\AndroidManifest.xml:113:9-117:19
130-->src\main\AndroidManifest.xml:113:18-69
131            <intent-filter>
131-->src\main\AndroidManifest.xml:114:13-116:29
132                <action android:name="com.google.firebase.MESSAGING_EVENT" />
132-->src\main\AndroidManifest.xml:115:17-78
132-->src\main\AndroidManifest.xml:115:25-75
133            </intent-filter>
134        </service>
135
136        <meta-data
136-->src\main\AndroidManifest.xml:119:9-121:69
137            android:name="com.google.android.gms.version"
137-->src\main\AndroidManifest.xml:120:13-58
138            android:value="@integer/google_play_services_version" />
138-->src\main\AndroidManifest.xml:121:13-66
139
140        <activity
140-->src\main\AndroidManifest.xml:123:9-126:63
141            android:name="com.dzo.prospectWizard.activity.CalenderActivity"
141-->src\main\AndroidManifest.xml:124:13-54
142            android:screenOrientation="portrait"
142-->src\main\AndroidManifest.xml:125:13-49
143            android:windowSoftInputMode="stateAlwaysHidden" />
143-->src\main\AndroidManifest.xml:126:13-60
144        <activity
144-->src\main\AndroidManifest.xml:127:9-129:52
145            android:name="com.dzo.prospectWizard.WebActivity"
145-->src\main\AndroidManifest.xml:128:13-40
146            android:screenOrientation="portrait" />
146-->src\main\AndroidManifest.xml:129:13-49
147        <activity
147-->src\main\AndroidManifest.xml:130:9-132:86
148            android:name="com.dzo.prospectWizard.activity.Setting"
148-->src\main\AndroidManifest.xml:131:13-45
149            android:theme="@android:style/Theme.Holo.Light.NoActionBar.Fullscreen" />
149-->src\main\AndroidManifest.xml:132:13-83
150        <activity
150-->src\main\AndroidManifest.xml:133:9-135:63
151            android:name="com.dzo.prospectWizard.activity.AdditionalActivity"
151-->src\main\AndroidManifest.xml:134:13-56
152            android:windowSoftInputMode="stateAlwaysHidden" />
152-->src\main\AndroidManifest.xml:135:13-60
153        <activity
153-->src\main\AndroidManifest.xml:136:9-140:63
154            android:name="com.dzo.prospectWizard.activity.Addperfor"
154-->src\main\AndroidManifest.xml:137:13-47
155            android:screenOrientation="portrait"
155-->src\main\AndroidManifest.xml:138:13-49
156            android:theme="@android:style/Theme.Holo.Light.NoActionBar.Fullscreen"
156-->src\main\AndroidManifest.xml:139:13-83
157            android:windowSoftInputMode="stateAlwaysHidden" />
157-->src\main\AndroidManifest.xml:140:13-60
158        <!--
159             FirebaseMessagingService performs security checks at runtime,
160             no need for explicit permissions despite exported="true"
161        -->
162        <service
162-->[com.google.firebase:firebase-messaging:17.1.0] AndroidManifest.xml:28:9-34:19
163            android:name="com.google.firebase.messaging.FirebaseMessagingService"
163-->[com.google.firebase:firebase-messaging:17.1.0] AndroidManifest.xml:29:13-82
164            android:exported="true" >
164-->[com.google.firebase:firebase-messaging:17.1.0] AndroidManifest.xml:30:13-36
165            <intent-filter android:priority="-500" >
165-->src\main\AndroidManifest.xml:114:13-116:29
166                <action android:name="com.google.firebase.MESSAGING_EVENT" />
166-->src\main\AndroidManifest.xml:115:17-78
166-->src\main\AndroidManifest.xml:115:25-75
167            </intent-filter>
168        </service>
169
170        <provider
170-->[com.squareup.picasso:picasso:2.71828] AndroidManifest.xml:8:9-11:40
171            android:name="com.squareup.picasso.PicassoProvider"
171-->[com.squareup.picasso:picasso:2.71828] AndroidManifest.xml:9:13-64
172            android:authorities="com.dzo.prospectWizard.com.squareup.picasso"
172-->[com.squareup.picasso:picasso:2.71828] AndroidManifest.xml:10:13-72
173            android:exported="false" />
173-->[com.squareup.picasso:picasso:2.71828] AndroidManifest.xml:11:13-37
174
175        <service android:name="com.google.firebase.components.ComponentDiscoveryService" >
175-->[com.google.firebase:firebase-measurement-connector-impl:16.0.1] AndroidManifest.xml:27:9-31:19
175-->[com.google.firebase:firebase-measurement-connector-impl:16.0.1] AndroidManifest.xml:27:18-89
176            <meta-data
176-->[com.google.firebase:firebase-measurement-connector-impl:16.0.1] AndroidManifest.xml:28:13-30:85
177                android:name="com.google.firebase.components:com.google.firebase.analytics.connector.internal.AnalyticsConnectorRegistrar"
177-->[com.google.firebase:firebase-measurement-connector-impl:16.0.1] AndroidManifest.xml:29:17-139
178                android:value="com.google.firebase.components.ComponentRegistrar" />
178-->[com.google.firebase:firebase-measurement-connector-impl:16.0.1] AndroidManifest.xml:30:17-82
179            <meta-data
179-->[com.google.firebase:firebase-iid:16.2.0] AndroidManifest.xml:36:13-38:85
180                android:name="com.google.firebase.components:com.google.firebase.iid.Registrar"
180-->[com.google.firebase:firebase-iid:16.2.0] AndroidManifest.xml:37:17-96
181                android:value="com.google.firebase.components.ComponentRegistrar" />
181-->[com.google.firebase:firebase-iid:16.2.0] AndroidManifest.xml:38:17-82
182        </service>
183
184        <receiver
184-->[com.google.firebase:firebase-analytics:16.0.1] AndroidManifest.xml:29:9-33:20
185            android:name="com.google.android.gms.measurement.AppMeasurementReceiver"
185-->[com.google.firebase:firebase-analytics:16.0.1] AndroidManifest.xml:30:13-85
186            android:enabled="true"
186-->[com.google.firebase:firebase-analytics:16.0.1] AndroidManifest.xml:31:13-35
187            android:exported="false" >
187-->[com.google.firebase:firebase-analytics:16.0.1] AndroidManifest.xml:32:13-37
188        </receiver>
189        <receiver
189-->[com.google.firebase:firebase-analytics:16.0.1] AndroidManifest.xml:34:9-42:20
190            android:name="com.google.android.gms.measurement.AppMeasurementInstallReferrerReceiver"
190-->[com.google.firebase:firebase-analytics:16.0.1] AndroidManifest.xml:35:13-100
191            android:enabled="true"
191-->[com.google.firebase:firebase-analytics:16.0.1] AndroidManifest.xml:36:13-35
192            android:exported="true"
192-->[com.google.firebase:firebase-analytics:16.0.1] AndroidManifest.xml:37:13-36
193            android:permission="android.permission.INSTALL_PACKAGES" >
193-->[com.google.firebase:firebase-analytics:16.0.1] AndroidManifest.xml:38:13-69
194            <intent-filter>
194-->[com.google.firebase:firebase-analytics:16.0.1] AndroidManifest.xml:39:13-41:29
195                <action android:name="com.android.vending.INSTALL_REFERRER" />
195-->[com.google.firebase:firebase-analytics:16.0.1] AndroidManifest.xml:40:17-79
195-->[com.google.firebase:firebase-analytics:16.0.1] AndroidManifest.xml:40:25-76
196            </intent-filter>
197        </receiver>
198
199        <service
199-->[com.google.firebase:firebase-analytics:16.0.1] AndroidManifest.xml:44:9-47:40
200            android:name="com.google.android.gms.measurement.AppMeasurementService"
200-->[com.google.firebase:firebase-analytics:16.0.1] AndroidManifest.xml:45:13-84
201            android:enabled="true"
201-->[com.google.firebase:firebase-analytics:16.0.1] AndroidManifest.xml:46:13-35
202            android:exported="false" />
202-->[com.google.firebase:firebase-analytics:16.0.1] AndroidManifest.xml:47:13-37
203        <service
203-->[com.google.firebase:firebase-analytics:16.0.1] AndroidManifest.xml:48:9-52:72
204            android:name="com.google.android.gms.measurement.AppMeasurementJobService"
204-->[com.google.firebase:firebase-analytics:16.0.1] AndroidManifest.xml:49:13-87
205            android:enabled="true"
205-->[com.google.firebase:firebase-analytics:16.0.1] AndroidManifest.xml:50:13-35
206            android:exported="false"
206-->[com.google.firebase:firebase-analytics:16.0.1] AndroidManifest.xml:51:13-37
207            android:permission="android.permission.BIND_JOB_SERVICE" />
207-->[com.google.firebase:firebase-analytics:16.0.1] AndroidManifest.xml:52:13-69
208
209        <receiver
209-->[com.google.firebase:firebase-iid:16.2.0] AndroidManifest.xml:41:9-50:20
210            android:name="com.google.firebase.iid.FirebaseInstanceIdReceiver"
210-->[com.google.firebase:firebase-iid:16.2.0] AndroidManifest.xml:42:13-78
211            android:exported="true"
211-->[com.google.firebase:firebase-iid:16.2.0] AndroidManifest.xml:43:13-36
212            android:permission="com.google.android.c2dm.permission.SEND" >
212-->[com.google.firebase:firebase-iid:16.2.0] AndroidManifest.xml:44:13-73
213            <intent-filter>
213-->[com.google.firebase:firebase-iid:16.2.0] AndroidManifest.xml:45:13-49:29
214                <action android:name="com.google.android.c2dm.intent.RECEIVE" />
214-->[com.google.firebase:firebase-iid:16.2.0] AndroidManifest.xml:46:17-81
214-->[com.google.firebase:firebase-iid:16.2.0] AndroidManifest.xml:46:25-78
215
216                <category android:name="com.dzo.prospectWizard" />
216-->[com.google.firebase:firebase-iid:16.2.0] AndroidManifest.xml:48:17-61
216-->[com.google.firebase:firebase-iid:16.2.0] AndroidManifest.xml:48:27-58
217            </intent-filter>
218        </receiver>
219        <!--
220             FirebaseInstanceIdService performs security checks at runtime,
221             no need for explicit permissions despite exported="true"
222        -->
223        <service
223-->[com.google.firebase:firebase-iid:16.2.0] AndroidManifest.xml:56:9-62:19
224            android:name="com.google.firebase.iid.FirebaseInstanceIdService"
224-->[com.google.firebase:firebase-iid:16.2.0] AndroidManifest.xml:57:13-77
225            android:exported="true" >
225-->[com.google.firebase:firebase-iid:16.2.0] AndroidManifest.xml:58:13-36
226            <intent-filter android:priority="-500" >
226-->src\main\AndroidManifest.xml:109:13-111:29
227                <action android:name="com.google.firebase.INSTANCE_ID_EVENT" />
227-->src\main\AndroidManifest.xml:110:17-80
227-->src\main\AndroidManifest.xml:110:25-77
228            </intent-filter>
229        </service>
230
231        <activity
231-->[com.google.android.gms:play-services-base:15.0.1] AndroidManifest.xml:23:9-26:75
232            android:name="com.google.android.gms.common.api.GoogleApiActivity"
232-->[com.google.android.gms:play-services-base:15.0.1] AndroidManifest.xml:24:13-79
233            android:exported="false"
233-->[com.google.android.gms:play-services-base:15.0.1] AndroidManifest.xml:25:13-37
234            android:theme="@android:style/Theme.Translucent.NoTitleBar" />
234-->[com.google.android.gms:play-services-base:15.0.1] AndroidManifest.xml:26:13-72
235
236        <provider
236-->[com.google.firebase:firebase-common:16.0.0] AndroidManifest.xml:9:9-13:39
237            android:name="com.google.firebase.provider.FirebaseInitProvider"
237-->[com.google.firebase:firebase-common:16.0.0] AndroidManifest.xml:10:13-77
238            android:authorities="com.dzo.prospectWizard.firebaseinitprovider"
238-->[com.google.firebase:firebase-common:16.0.0] AndroidManifest.xml:11:13-72
239            android:exported="false"
239-->[com.google.firebase:firebase-common:16.0.0] AndroidManifest.xml:12:13-37
240            android:initOrder="100" />
240-->[com.google.firebase:firebase-common:16.0.0] AndroidManifest.xml:13:13-36
241
242        <meta-data
242-->[com.android.support:support-v4:26.1.0] AndroidManifest.xml:26:9-28:38
243            android:name="android.support.VERSION"
243-->[com.android.support:support-v4:26.1.0] AndroidManifest.xml:27:13-51
244            android:value="26.1.0" />
244-->[com.android.support:support-v4:26.1.0] AndroidManifest.xml:28:13-35
245    </application>
246
247</manifest>